File: A68674.P5.txt, Line: 0, Original: Inquacu$hora, Replaced: Inquacumhora
File: A68674.P5.txt, Line: 0, Original: commau$ded, Replaced: commaunded
File: A68674.P5.txt, Line: 0, Original: spe$te, Replaced: spente
File: A68674.P5.txt, Line: 0, Original: commau$dynge, Replaced: commaundynge
File: A68674.P5.txt, Line: 0, Original: cou$cell, Replaced: councell
File: A68674.P5.txt, Line: 0, Original: hy$the, Replaced: hynthe
File: A68674.P5.txt, Line: 0, Original: hangy$ge, Replaced: hangynge
File: A68674.P5.txt, Line: 0, Original: thy$ge, Replaced: thynge
File: A68674.P5.txt, Line: 0, Original: thy$kynge, Replaced: thynkynge
File: A68674.P5.txt, Line: 0, Original: husbo$de, Replaced: husbonde
File: A68674.P5.txt, Line: 0, Original: commaundy$ge, Replaced: commaundynge
File: A68674.P5.txt, Line: 0, Original: commau$dement, Replaced: commaundement
File: A68674.P5.txt, Line: 0, Original: hu$tyngein, Replaced: huntyngein
File: A68674.P5.txt, Line: 0, Original: say$ge, Replaced: saynge
File: A69343.P5.txt, Line: 0, Original: co$prehendeth, Replaced: comprehendeth
File: A69343.P5.txt, Line: 1, Original: co$maundement, Replaced: commaundement
File: A69343.P5.txt, Line: 1, Original: cou$sellours, Replaced: counsellours
File: A69343.P5.txt, Line: 1, Original: whe$the, Replaced: whenthe
File: A69343.P5.txt, Line: 1, Original: the$Germany, Replaced: thenGermany
File: A69343.P5.txt, Line: 1, Original: me$.Hetherto, Replaced: men.Hetherto
File: A15818.P5.txt, Line: 1, Original: Reaso$is, Replaced: Reasonis
File: A11933.P5.txt, Line: 1, Original: aduau$ced, Replaced: aduaunced
File: A11933.P5.txt, Line: 1, Original: sou$deth, Replaced: soundeth
File: A11933.P5.txt, Line: 1, Original: vndersta$ding, Replaced: vnderstanding
File: A11933.P5.txt, Line: 1, Original: conte$tednes, Replaced: contentednes
File: A11933.P5.txt, Line: 1, Original: Preacher,Solomo$is, Replaced: Preacher,Solomonis
File: A11933.P5.txt, Line: 1, Original: Solomo$was, Replaced: Solomonwas
File: A11933.P5.txt, Line: 1, Original: rau$ged, Replaced: raunged
File: A11933.P5.txt, Line: 1, Original: ma$which, Replaced: manwhich
File: A11933.P5.txt, Line: 1, Original: co$tentednesse, Replaced: contentednesse
File: A11933.P5.txt, Line: 1, Original: the$,through, Replaced: then,through
File: A11933.P5.txt, Line: 1, Original: the$selues,, Replaced: themselues,
File: A11933.P5.txt, Line: 1, Original: ple$tie, Replaced: plentie
File: A11933.P5.txt, Line: 1, Original: cu$bred, Replaced: cumbred
File: A11933.P5.txt, Line: 1, Original: disco$moditie, Replaced: discommoditie
File: A11933.P5.txt, Line: 1, Original: pronou$ceth, Replaced: pronounceth
File: A11933.P5.txt, Line: 1, Original: significatio$Habacuc, Replaced: significationHabacuc
File: A11933.P5.txt, Line: 1, Original: co$meth, Replaced: commeth
File: A11933.P5.txt, Line: 1, Original: co$maundements, Replaced: commaundements
File: A11933.P5.txt, Line: 1, Original: enco$brances, Replaced: encombrances
File: A11933.P5.txt, Line: 1, Original: co$tentednes,, Replaced: contentednes,
File: A11933.P5.txt, Line: 1, Original: the$selues.15., Replaced: themselues.15.
File: A11933.P5.txt, Line: 1, Original: Ada$eue$, Replaced: Adameue$
File: A11933.P5.txt, Line: 1, Original: ma$.14, Replaced: man.14
File: A22560.P5.txt, Line: 1, Original: the$Clinias, Replaced: thenClinias
File: A22560.P5.txt, Line: 1, Original: whe$Clinias, Replaced: whenClinias
File: A02825.P5.txt, Line: 1, Original: co$maunded, Replaced: commaunded
